[debug] [2017-09-13T04:53:28.082Z] ----------------------------------------------------------------------
[debug] [2017-09-13T04:53:28.084Z] Command:       /Users/deadsalt/.nvm/versions/node/v6.11.2/bin/node /Users/deadsalt/.nvm/versions/node/v6.11.2/bin/firebase serve --only functions,hosting
[debug] [2017-09-13T04:53:28.085Z] CLI Version:   3.10.0
[debug] [2017-09-13T04:53:28.085Z] Platform:      darwin
[debug] [2017-09-13T04:53:28.085Z] Node Version:  v6.11.2
[debug] [2017-09-13T04:53:28.086Z] Time:          Wed Sep 13 2017 16:53:28 GMT+1200 (NZST)
[debug] [2017-09-13T04:53:28.086Z] ----------------------------------------------------------------------
[debug] 
[debug] [2017-09-13T04:53:28.102Z] > command requires scopes: ["email","openid","https://www.googleapis.com/auth/cloudplatformprojects.readonly","https://www.googleapis.com/auth/firebase","https://www.googleapis.com/auth/cloud-platform"]
[debug] [2017-09-13T04:53:28.102Z] > authorizing via signed-in user
[debug] [2017-09-13T04:53:28.105Z] >>> HTTP REQUEST GET https://admin.firebase.com/v1/projects/bloodmagic-ff7cb  
 Wed Sep 13 2017 16:53:28 GMT+1200 (NZST)
[debug] [2017-09-13T04:53:31.197Z] <<< HTTP RESPONSE 200
[debug] [2017-09-13T04:53:31.199Z] >>> HTTP REQUEST GET https://admin.firebase.com/v1/database/bloodmagic-ff7cb/tokens  
 Wed Sep 13 2017 16:53:31 GMT+1200 (NZST)
[debug] [2017-09-13T04:53:32.447Z] <<< HTTP RESPONSE 200
[debug] [2017-09-13T04:54:31.778Z] ----------------------------------------------------------------------
[debug] [2017-09-13T04:54:31.781Z] Command:       /Users/deadsalt/.nvm/versions/node/v6.11.2/bin/node /Users/deadsalt/.nvm/versions/node/v6.11.2/bin/firebase serve --only functions,hosting
[debug] [2017-09-13T04:54:31.782Z] CLI Version:   3.10.1
[debug] [2017-09-13T04:54:31.782Z] Platform:      darwin
[debug] [2017-09-13T04:54:31.782Z] Node Version:  v6.11.2
[debug] [2017-09-13T04:54:31.783Z] Time:          Wed Sep 13 2017 16:54:31 GMT+1200 (NZST)
[debug] [2017-09-13T04:54:31.783Z] ----------------------------------------------------------------------
[debug] 
[debug] [2017-09-13T04:54:31.797Z] > command requires scopes: ["email","openid","https://www.googleapis.com/auth/cloudplatformprojects.readonly","https://www.googleapis.com/auth/firebase","https://www.googleapis.com/auth/cloud-platform"]
[debug] [2017-09-13T04:54:31.797Z] > authorizing via signed-in user
[debug] [2017-09-13T04:54:31.799Z] >>> HTTP REQUEST GET https://admin.firebase.com/v1/projects/bloodmagic-ff7cb  
 Wed Sep 13 2017 16:54:31 GMT+1200 (NZST)
[debug] [2017-09-13T04:54:33.094Z] <<< HTTP RESPONSE 200
[debug] [2017-09-13T04:54:33.095Z] >>> HTTP REQUEST GET https://admin.firebase.com/v1/database/bloodmagic-ff7cb/tokens  
 Wed Sep 13 2017 16:54:33 GMT+1200 (NZST)
[debug] [2017-09-13T04:54:34.175Z] <<< HTTP RESPONSE 200
[info] 
[info] === Serving from '/Users/deadsalt/Projects/bloodmagic/bloodmagic-spells'...
[info] 
[info] i  functions: Preparing to emulate HTTPS functions. Support for other event types coming soon.
[debug] [2017-09-13T04:54:34.619Z] >>> HTTP REQUEST GET https://appengine.googleapis.com/v1/apps/bloodmagic-ff7cb  
 Wed Sep 13 2017 16:54:34 GMT+1200 (NZST)
[debug] [2017-09-13T04:54:34.620Z] >>> HTTP REQUEST GET https://apikeys.googleapis.com/v1/projects/bloodmagic-ff7cb/apiKeys  
 Wed Sep 13 2017 16:54:34 GMT+1200 (NZST)
[debug] [2017-09-13T04:54:34.620Z] >>> HTTP REQUEST GET https://cloudresourcemanager.googleapis.com/v1/projects/bloodmagic-ff7cb  
 Wed Sep 13 2017 16:54:34 GMT+1200 (NZST)
[debug] [2017-09-13T04:54:36.054Z] <<< HTTP RESPONSE 200
[debug] [2017-09-13T04:54:36.056Z] <<< HTTP RESPONSE 200
[debug] [2017-09-13T04:54:36.057Z] >>> HTTP REQUEST GET https://mobilesdk-pa.googleapis.com/v1/projects/488936304462/clients/_:getWebAppConfig  
 Wed Sep 13 2017 16:54:36 GMT+1200 (NZST)
[debug] [2017-09-13T04:54:36.633Z] <<< HTTP RESPONSE 200
[debug] [2017-09-13T04:54:36.993Z] <<< HTTP RESPONSE 200
[info] i  hosting: Serving hosting files from: dist
[info] ✔  hosting: Local server: http://localhost:5000

[info] ✔  functions: createExport: http://localhost:5001/bloodmagic-ff7cb/us-central1/createExport
[info] ✔  functions: downloadExport: http://localhost:5001/bloodmagic-ff7cb/us-central1/downloadExport
[debug] [2017-09-14T05:00:06.869Z] ----------------------------------------------------------------------
[debug] [2017-09-14T05:00:06.872Z] Command:       /Users/deadsalt/.nvm/versions/node/v6.11.2/bin/node /Users/deadsalt/.nvm/versions/node/v6.11.2/bin/firebase serve --only functions,hosting
[debug] [2017-09-14T05:00:06.873Z] CLI Version:   3.10.1
[debug] [2017-09-14T05:00:06.873Z] Platform:      darwin
[debug] [2017-09-14T05:00:06.873Z] Node Version:  v6.11.2
[debug] [2017-09-14T05:00:06.874Z] Time:          Thu Sep 14 2017 17:00:06 GMT+1200 (NZST)
[debug] [2017-09-14T05:00:06.874Z] ----------------------------------------------------------------------
[debug] 
[debug] [2017-09-14T05:00:06.895Z] > command requires scopes: ["email","openid","https://www.googleapis.com/auth/cloudplatformprojects.readonly","https://www.googleapis.com/auth/firebase","https://www.googleapis.com/auth/cloud-platform"]
[debug] [2017-09-14T05:00:06.896Z] > authorizing via signed-in user
[debug] [2017-09-14T05:00:06.898Z] > refreshing access token with scopes: ["email","https://www.googleapis.com/auth/cloud-platform","https://www.googleapis.com/auth/cloudplatformprojects.readonly","https://www.googleapis.com/auth/firebase","openid"]
[debug] [2017-09-14T05:00:06.898Z] >>> HTTP REQUEST POST https://www.googleapis.com/oauth2/v3/token { refresh_token: '1/CoLBlfuZpal1W7O8QWiq56TZNlv7KWIK1OlieUmu8Cc',
  client_id: '563584335869-fgrhgmd47bqnekij5i8b5pr03ho849e6.apps.googleusercontent.com',
  client_secret: 'j9iVZfS8kkCEFUPaAeJV0sAi',
  grant_type: 'refresh_token',
  scope: 'email https://www.googleapis.com/auth/cloud-platform https://www.googleapis.com/auth/cloudplatformprojects.readonly https://www.googleapis.com/auth/firebase openid' } 
 Thu Sep 14 2017 17:00:06 GMT+1200 (NZST)
[debug] [2017-09-14T05:00:07.398Z] <<< HTTP RESPONSE 200
[debug] [2017-09-14T05:00:07.413Z] >>> HTTP REQUEST GET https://admin.firebase.com/v1/projects/bloodmagic-ff7cb  
 Thu Sep 14 2017 17:00:07 GMT+1200 (NZST)
[debug] [2017-09-14T05:00:09.700Z] <<< HTTP RESPONSE 200
[debug] [2017-09-14T05:00:09.701Z] >>> HTTP REQUEST GET https://admin.firebase.com/v1/database/bloodmagic-ff7cb/tokens  
 Thu Sep 14 2017 17:00:09 GMT+1200 (NZST)
[debug] [2017-09-14T05:00:10.746Z] <<< HTTP RESPONSE 200
[info] 
[info] === Serving from '/Users/deadsalt/Projects/bloodmagic/bloodmagic-spells'...
[info] 
[info] i  functions: Preparing to emulate HTTPS functions. Support for other event types coming soon.
[debug] [2017-09-14T05:00:11.405Z] >>> HTTP REQUEST GET https://appengine.googleapis.com/v1/apps/bloodmagic-ff7cb  
 Thu Sep 14 2017 17:00:11 GMT+1200 (NZST)
[debug] [2017-09-14T05:00:11.406Z] >>> HTTP REQUEST GET https://apikeys.googleapis.com/v1/projects/bloodmagic-ff7cb/apiKeys  
 Thu Sep 14 2017 17:00:11 GMT+1200 (NZST)
[debug] [2017-09-14T05:00:11.406Z] >>> HTTP REQUEST GET https://cloudresourcemanager.googleapis.com/v1/projects/bloodmagic-ff7cb  
 Thu Sep 14 2017 17:00:11 GMT+1200 (NZST)
[debug] [2017-09-14T05:00:13.212Z] <<< HTTP RESPONSE 200
[debug] [2017-09-14T05:00:13.288Z] <<< HTTP RESPONSE 200
[debug] [2017-09-14T05:00:13.362Z] <<< HTTP RESPONSE 200
[debug] [2017-09-14T05:00:13.363Z] >>> HTTP REQUEST GET https://mobilesdk-pa.googleapis.com/v1/projects/488936304462/clients/_:getWebAppConfig  
 Thu Sep 14 2017 17:00:13 GMT+1200 (NZST)
[debug] [2017-09-14T05:00:14.817Z] <<< HTTP RESPONSE 200
[info] i  hosting: Serving hosting files from: dist
[info] ✔  hosting: Local server: http://localhost:5000

[info] ✔  functions: createExport: http://localhost:5001/bloodmagic-ff7cb/us-central1/createExport
[info] ✔  functions: downloadExport: http://localhost:5001/bloodmagic-ff7cb/us-central1/downloadExport
[debug] [2017-09-14T08:24:43.369Z] ----------------------------------------------------------------------
[debug] [2017-09-14T08:24:43.372Z] Command:       /Users/deadsalt/.nvm/versions/node/v6.11.2/bin/node /Users/deadsalt/.nvm/versions/node/v6.11.2/bin/firebase serve --only functions,hosting
[debug] [2017-09-14T08:24:43.373Z] CLI Version:   3.10.1
[debug] [2017-09-14T08:24:43.373Z] Platform:      darwin
[debug] [2017-09-14T08:24:43.373Z] Node Version:  v6.11.2
[debug] [2017-09-14T08:24:43.373Z] Time:          Thu Sep 14 2017 20:24:43 GMT+1200 (NZST)
[debug] [2017-09-14T08:24:43.373Z] ----------------------------------------------------------------------
[debug] 
[debug] [2017-09-14T08:24:43.387Z] > command requires scopes: ["email","openid","https://www.googleapis.com/auth/cloudplatformprojects.readonly","https://www.googleapis.com/auth/firebase","https://www.googleapis.com/auth/cloud-platform"]
[debug] [2017-09-14T08:24:43.388Z] > authorizing via signed-in user
[debug] [2017-09-14T08:24:43.390Z] > refreshing access token with scopes: ["email","https://www.googleapis.com/auth/cloud-platform","https://www.googleapis.com/auth/cloudplatformprojects.readonly","https://www.googleapis.com/auth/firebase","openid"]
[debug] [2017-09-14T08:24:43.390Z] >>> HTTP REQUEST POST https://www.googleapis.com/oauth2/v3/token { refresh_token: '1/CoLBlfuZpal1W7O8QWiq56TZNlv7KWIK1OlieUmu8Cc',
  client_id: '563584335869-fgrhgmd47bqnekij5i8b5pr03ho849e6.apps.googleusercontent.com',
  client_secret: 'j9iVZfS8kkCEFUPaAeJV0sAi',
  grant_type: 'refresh_token',
  scope: 'email https://www.googleapis.com/auth/cloud-platform https://www.googleapis.com/auth/cloudplatformprojects.readonly https://www.googleapis.com/auth/firebase openid' } 
 Thu Sep 14 2017 20:24:43 GMT+1200 (NZST)
[debug] [2017-09-14T08:24:43.795Z] <<< HTTP RESPONSE 200
[debug] [2017-09-14T08:24:43.813Z] >>> HTTP REQUEST GET https://admin.firebase.com/v1/projects/bloodmagic-ff7cb  
 Thu Sep 14 2017 20:24:43 GMT+1200 (NZST)
[debug] [2017-09-14T08:24:45.518Z] <<< HTTP RESPONSE 200
[debug] [2017-09-14T08:24:45.519Z] >>> HTTP REQUEST GET https://admin.firebase.com/v1/database/bloodmagic-ff7cb/tokens  
 Thu Sep 14 2017 20:24:45 GMT+1200 (NZST)
[debug] [2017-09-14T08:24:46.659Z] <<< HTTP RESPONSE 200
[info] 
[info] === Serving from '/Users/deadsalt/Projects/bloodmagic/bloodmagic-spells'...
[info] 
[info] i  functions: Preparing to emulate HTTPS functions. Support for other event types coming soon.
[debug] [2017-09-14T08:24:47.146Z] >>> HTTP REQUEST GET https://appengine.googleapis.com/v1/apps/bloodmagic-ff7cb  
 Thu Sep 14 2017 20:24:47 GMT+1200 (NZST)
[debug] [2017-09-14T08:24:47.147Z] >>> HTTP REQUEST GET https://apikeys.googleapis.com/v1/projects/bloodmagic-ff7cb/apiKeys  
 Thu Sep 14 2017 20:24:47 GMT+1200 (NZST)
[debug] [2017-09-14T08:24:47.147Z] >>> HTTP REQUEST GET https://cloudresourcemanager.googleapis.com/v1/projects/bloodmagic-ff7cb  
 Thu Sep 14 2017 20:24:47 GMT+1200 (NZST)
[debug] [2017-09-14T08:24:48.812Z] <<< HTTP RESPONSE 200
[debug] [2017-09-14T08:24:48.855Z] <<< HTTP RESPONSE 200
[debug] [2017-09-14T08:24:48.856Z] >>> HTTP REQUEST GET https://mobilesdk-pa.googleapis.com/v1/projects/488936304462/clients/_:getWebAppConfig  
 Thu Sep 14 2017 20:24:48 GMT+1200 (NZST)
[debug] [2017-09-14T08:24:48.893Z] <<< HTTP RESPONSE 200
[debug] [2017-09-14T08:24:50.024Z] <<< HTTP RESPONSE 200
[info] i  hosting: Serving hosting files from: dist
[info] ✔  hosting: Local server: http://localhost:5000

[info] ✔  functions: downloadExport: http://localhost:5001/bloodmagic-ff7cb/us-central1/downloadExport
[info] ✔  functions: createExport: http://localhost:5001/bloodmagic-ff7cb/us-central1/createExport
